Testing reporters/tests.R

PASS x0 FAIL x0 WARN x0 SKIP x0
PASS x1 FAIL x0 WARN x0 SKIP x0
PASS x1 FAIL x0 WARN x0 SKIP x0

PASS x1 FAIL x0 WARN x0 SKIP x0
PASS x2 FAIL x0 WARN x0 SKIP x0
PASS x2 FAIL x1 WARN x0 SKIP x0
PASS x2 FAIL x2 WARN x0 SKIP x0
PASS x2 FAIL x3 WARN x0 SKIP x0
PASS x2 FAIL x4 WARN x0 SKIP x0
PASS x3 FAIL x4 WARN x0 SKIP x0
PASS x3 FAIL x4 WARN x0 SKIP x0
────────────────────────────────────────────────────────────────────────────────
tests.R:12:3: failure: Failure:1
Failure has been forced

tests.R:16:3: failure: Failure:2a
Failure has been forced

tests.R:19:3: failure: Failure:2b
FALSE isn't true.

tests.R:24:5: failure: Failure:loop
`i` not equal to 2.
1/1 mismatches
[1] 1 - 2 == -1
────────────────────────────────────────────────────────────────────────────────

PASS x3 FAIL x4 WARN x0 SKIP x0
PASS x3 FAIL x4 WARN x0 SKIP x0
PASS x3 FAIL x5 WARN x0 SKIP x0
PASS x3 FAIL x6 WARN x0 SKIP x0
PASS x3 FAIL x6 WARN x0 SKIP x0
────────────────────────────────────────────────────────────────────────────────
tests.R:33:3: error: Error:1
Error: stop

tests.R:47:3: error: Error:3
Error: !
Backtrace:
 1. f()
 2. g()
 3. h()
────────────────────────────────────────────────────────────────────────────────

PASS x3 FAIL x6 WARN x0 SKIP x0
PASS x3 FAIL x7 WARN x0 SKIP x0
PASS x3 FAIL x7 WARN x0 SKIP x0
────────────────────────────────────────────────────────────────────────────────
tests.R:56:3: error: Recursion:1
Error: This is deep
Backtrace:
  1. f(25)
  2. f(x - 1)
  3. f(x - 1)
  4. f(x - 1)
  5. f(x - 1)
  6. f(x - 1)
  7. f(x - 1)
  8. f(x - 1)
  9. f(x - 1)
 10. f(x - 1)
     ...
 17. f(x - 1)
 18. f(x - 1)
 19. f(x - 1)
 20. f(x - 1)
 21. f(x - 1)
 22. f(x - 1)
 23. f(x - 1)
 24. f(x - 1)
 25. f(x - 1)
 26. f(x - 1)
────────────────────────────────────────────────────────────────────────────────

PASS x3 FAIL x7 WARN x0 SKIP x0
PASS x3 FAIL x7 WARN x0 SKIP x1
PASS x3 FAIL x7 WARN x0 SKIP x2
PASS x3 FAIL x7 WARN x0 SKIP x3
PASS x3 FAIL x7 WARN x0 SKIP x3
────────────────────────────────────────────────────────────────────────────────
tests.R:62:3: skip: Skip:1
Reason: skip

tests.R:69:3: skip: Skip:2
Reason: skip

tests.R:72:1: skip: Skip:3
Reason: empty test
────────────────────────────────────────────────────────────────────────────────

PASS x3 FAIL x7 WARN x0 SKIP x3
PASS x3 FAIL x7 WARN x1 SKIP x3
PASS x3 FAIL x7 WARN x2 SKIP x3
PASS x3 FAIL x7 WARN x3 SKIP x3
PASS x3 FAIL x7 WARN x3 SKIP x3
────────────────────────────────────────────────────────────────────────────────
tests.R:78:3: warning: Warning:1
abc

tests.R:84:3: warning: Warning:2
def

tests.R:85:3: warning: Warning:2
ghi
Backtrace:
 1. f()
────────────────────────────────────────────────────────────────────────────────

PASS x3 FAIL x7 WARN x3 SKIP x3
PASS x4 FAIL x7 WARN x3 SKIP x3
PASS x5 FAIL x7 WARN x3 SKIP x3
PASS x5 FAIL x7 WARN x3 SKIP x3

PASS x5 FAIL x7 WARN x3 SKIP x3
PASS x5 FAIL x8 WARN x3 SKIP x3
PASS x5 FAIL x8 WARN x3 SKIP x3
────────────────────────────────────────────────────────────────────────────────
tests.R:111:3: error: Error:4
Error: Throwable
────────────────────────────────────────────────────────────────────────────────

PASS x5 FAIL x8 WARN x3 SKIP x3
PASS x5 FAIL x8 WARN x3 SKIP x3
Done!
